2020-08-20T02:55:19+00:00 INFO Queuing 3.2.0 - wc_update_320_mexican_states
2020-08-20T02:55:19+00:00 INFO Queuing 3.2.0 - wc_update_320_db_version
2020-08-20T02:55:19+00:00 INFO Queuing 3.3.0 - wc_update_330_image_options
2020-08-20T02:55:19+00:00 INFO Queuing 3.3.0 - wc_update_330_webhooks
2020-08-20T02:55:19+00:00 INFO Queuing 3.3.0 - wc_update_330_product_stock_status
2020-08-20T02:55:19+00:00 INFO Queuing 3.3.0 - wc_update_330_set_default_product_cat
2020-08-20T02:55:19+00:00 INFO Queuing 3.3.0 - wc_update_330_clear_transients
2020-08-20T02:55:19+00:00 INFO Queuing 3.3.0 - wc_update_330_set_paypal_sandbox_credentials
2020-08-20T02:55:19+00:00 INFO Queuing 3.3.0 - wc_update_330_db_version
2020-08-20T02:55:19+00:00 INFO Running wc_update_320_mexican_states callback
2020-08-20T02:55:19+00:00 INFO Finished wc_update_320_mexican_states callback
2020-08-20T02:55:19+00:00 INFO Running wc_update_320_db_version callback
2020-08-20T02:55:19+00:00 INFO Finished wc_update_320_db_version callback
2020-08-20T02:55:19+00:00 INFO Running wc_update_330_image_options callback
2020-08-20T02:55:19+00:00 INFO Finished wc_update_330_image_options callback
2020-08-20T02:55:19+00:00 INFO Running wc_update_330_webhooks callback
2020-08-20T02:55:19+00:00 INFO Finished wc_update_330_webhooks callback
2020-08-20T02:55:19+00:00 INFO Running wc_update_330_product_stock_status callback
2020-08-20T02:55:19+00:00 INFO Finished wc_update_330_product_stock_status callback
2020-08-20T02:55:19+00:00 INFO Running wc_update_330_set_default_product_cat callback
2020-08-20T02:55:19+00:00 INFO Finished wc_update_330_set_default_product_cat callback
2020-08-20T02:55:19+00:00 INFO Running wc_update_330_clear_transients callback
2020-08-20T02:55:19+00:00 INFO Finished wc_update_330_clear_transients callback
2020-08-20T02:55:19+00:00 INFO Running wc_update_330_set_paypal_sandbox_credentials callback
2020-08-20T02:55:19+00:00 INFO Finished wc_update_330_set_paypal_sandbox_credentials callback
2020-08-20T02:55:19+00:00 INFO Running wc_update_330_db_version callback
2020-08-20T02:55:19+00:00 INFO Finished wc_update_330_db_version callback
2020-08-20T02:55:19+00:00 INFO Data update complete
